<?xml version="1.0" encoding="UTF-8"?>
<testsuite xmlns:xsi="http://www.w3.org/2001/XMLSchema-instance" xsi:noNamespaceSchemaLocation="https://maven.apache.org/surefire/maven-surefire-plugin/xsd/surefire-test-report-3.0.xsd" version="3.0" name="com.learning.service.Part5_ParameterizedTestsTest" time="0.786" tests="85" errors="0" skipped="0" failures="0">
  <properties>
[...]
</properties>
  <testcase name="testValueSource_Ints_Positive(int)[1]" classname="com.learning.service.Part5_ParameterizedTestsTest" time="0.039">
    <system-out><![CDATA[  ✓ 1 is positive
]]></system-out>
  </testcase>
  <testcase name="testValueSource_Ints_Positive(int)[2]" classname="com.learning.service.Part5_ParameterizedTestsTest" time="0.002">
    <system-out><![CDATA[  ✓ 5 is positive
]]></system-out>
  </testcase>
  <testcase name="testValueSource_Ints_Positive(int)[3]" classname="com.learning.service.Part5_ParameterizedTestsTest" time="0.004">
    <system-out><![CDATA[  ✓ 10 is positive
]]></system-out>
  </testcase>
  <testcase name="testValueSource_Ints_Positive(int)[4]" classname="com.learning.service.Part5_ParameterizedTestsTest" time="0.005">
    <system-out><![CDATA[  ✓ 100 is positive
]]></system-out>
  </testcase>
  <testcase name="testValueSource_Ints_Positive(int)[5]" classname="com.learning.service.Part5_ParameterizedTestsTest" time="0.005">
    <system-out><![CDATA[  ✓ 999 is positive
]]></system-out>
  </testcase>
  <testcase name="testValueSource_Strings(String)[1]" classname="com.learning.service.Part5_ParameterizedTestsTest" time="0.004">
    <system-out><![CDATA[  ✓ "hello" → "HELLO"
]]></system-out>
  </testcase>
  <testcase name="testValueSource_Strings(String)[2]" classname="com.learning.service.Part5_ParameterizedTestsTest" time="0.003">
    <system-out><![CDATA[  ✓ "world" → "WORLD"
]]></system-out>
  </testcase>
  <testcase name="testValueSource_Strings(String)[3]" classname="com.learning.service.Part5_ParameterizedTestsTest" time="0.002">
    <system-out><![CDATA[  ✓ "JUnit5" → "JUNIT5"
]]></system-out>
  </testcase>
  <testcase name="testValueSource_Strings(String)[4]" classname="com.learning.service.Part5_ParameterizedTestsTest" time="0.002">
    <system-out><![CDATA[  ✓ "testing" → "TESTING"
]]></system-out>
  </testcase>
  <testcase name="testValueSource_Doubles(double)[1]" classname="com.learning.service.Part5_ParameterizedTestsTest" time="0.009">
    <system-out><![CDATA[  ✓ factorial(0) = 1
]]></system-out>
  </testcase>
  <testcase name="testValueSource_Doubles(double)[2]" classname="com.learning.service.Part5_ParameterizedTestsTest" time="0.002">
    <system-out><![CDATA[  ✓ factorial(1) = 1
]]></system-out>
  </testcase>
  <testcase name="testValueSource_Doubles(double)[3]" classname="com.learning.service.Part5_ParameterizedTestsTest" time="0.002">
    <system-out><![CDATA[  ✓ factorial(2) = 2
]]></system-out>
  </testcase>
  <testcase name="testValueSource_Doubles(double)[4]" classname="com.learning.service.Part5_ParameterizedTestsTest" time="0.002">
    <system-out><![CDATA[  ✓ factorial(3) = 6
]]></system-out>
  </testcase>
  <testcase name="testValueSource_Doubles(double)[5]" classname="com.learning.service.Part5_ParameterizedTestsTest" time="0.002">
    <system-out><![CDATA[  ✓ factorial(4) = 24
]]></system-out>
  </testcase>
  <testcase name="testValueSource_Doubles(double)[6]" classname="com.learning.service.Part5_ParameterizedTestsTest" time="0.003">
    <system-out><![CDATA[  ✓ factorial(5) = 120
]]></system-out>
  </testcase>
  <testcase name="testNullSource(String)[1]" classname="com.learning.service.Part5_ParameterizedTestsTest" time="0.003">
    <system-out><![CDATA[  ✓ null input returns null
]]></system-out>
  </testcase>
  <testcase name="testEmptySource(String)[1]" classname="com.learning.service.Part5_ParameterizedTestsTest" time="0.003">
    <system-out><![CDATA[  ✓ empty string input returns null
]]></system-out>
  </testcase>
  <testcase name="testNullAndEmptySource(String)[1]" classname="com.learning.service.Part5_ParameterizedTestsTest" time="0.004">
    <system-out><![CDATA[  ✓ Input 'null' returns null
]]></system-out>
  </testcase>
  <testcase name="testNullAndEmptySource(String)[2]" classname="com.learning.service.Part5_ParameterizedTestsTest" time="0.003">
    <system-out><![CDATA[  ✓ Input '' returns null
]]></system-out>
  </testcase>
  <testcase name="testCombinedSources(String)[1]" classname="com.learning.service.Part5_ParameterizedTestsTest" time="0.003">
    <system-out><![CDATA[  ✓ Tested input: null
]]></system-out>
  </testcase>
  <testcase name="testCombinedSources(String)[2]" classname="com.learning.service.Part5_ParameterizedTestsTest" time="0.003">
    <system-out><![CDATA[  ✓ Tested input: ""
]]></system-out>
  </testcase>
  <testcase name="testCombinedSources(String)[3]" classname="com.learning.service.Part5_ParameterizedTestsTest" time="0.003">
    <system-out><![CDATA[  ✓ Tested input: "  "
]]></system-out>
  </testcase>
  <testcase name="testCombinedSources(String)[4]" classname="com.learning.service.Part5_ParameterizedTestsTest" time="0.002">
    <system-out><![CDATA[  ✓ Tested input: "\t"
]]></system-out>
  </testcase>
  <testcase name="testCombinedSources(String)[5]" classname="com.learning.service.Part5_ParameterizedTestsTest" time="0.004">
    <system-out><![CDATA[  ✓ Tested input: "\n"
]]></system-out>
  </testcase>
  <testcase name="testEnumSource_AllValues(DayOfWeek)[1]" classname="com.learning.service.Part5_ParameterizedTestsTest" time="0.003">
    <system-out><![CDATA[2025-12-06T16:27:08.214+05:30  WARN 26480 --- [l-1:housekeeper] com.zaxxer.hikari.pool.PoolBase          : HikariPool-1 - Failed to validate connection com.mysql.cj.jdbc.ConnectionImpl@1471b8a7 (No operations allowed after connection closed.). Possibly consider using a shorter maxLifetime value.
  ✓ MONDAY (weekend: false)
]]></system-out>
  </testcase>
  <testcase name="testEnumSource_AllValues(DayOfWeek)[2]" classname="com.learning.service.Part5_ParameterizedTestsTest" time="0.003">
    <system-out><![CDATA[  ✓ TUESDAY (weekend: false)
]]></system-out>
  </testcase>
  <testcase name="testEnumSource_AllValues(DayOfWeek)[3]" classname="com.learning.service.Part5_ParameterizedTestsTest" time="0.003">
    <system-out><![CDATA[  ✓ WEDNESDAY (weekend: false)
]]></system-out>
  </testcase>
  <testcase name="testEnumSource_AllValues(DayOfWeek)[4]" classname="com.learning.service.Part5_ParameterizedTestsTest" time="0.005">
    <system-out><![CDATA[  ✓ THURSDAY (weekend: false)
]]></system-out>
  </testcase>
  <testcase name="testEnumSource_AllValues(DayOfWeek)[5]" classname="com.learning.service.Part5_ParameterizedTestsTest" time="0.005">
    <system-out><![CDATA[  ✓ FRIDAY (weekend: false)
]]></system-out>
  </testcase>
  <testcase name="testEnumSource_AllValues(DayOfWeek)[6]" classname="com.learning.service.Part5_ParameterizedTestsTest" time="0.004">
    <system-out><![CDATA[  ✓ SATURDAY (weekend: true)
]]></system-out>
  </testcase>
  <testcase name="testEnumSource_AllValues(DayOfWeek)[7]" classname="com.learning.service.Part5_ParameterizedTestsTest" time="0.004">
    <system-out><![CDATA[  ✓ SUNDAY (weekend: true)
]]></system-out>
  </testcase>
  <testcase name="testEnumSource_OnlyWeekends(DayOfWeek)[1]" classname="com.learning.service.Part5_ParameterizedTestsTest" time="0.003">
    <system-out><![CDATA[  ✓ SATURDAY is a weekend!
]]></system-out>
  </testcase>
  <testcase name="testEnumSource_OnlyWeekends(DayOfWeek)[2]" classname="com.learning.service.Part5_ParameterizedTestsTest" time="0.001">
    <system-out><![CDATA[  ✓ SUNDAY is a weekend!
]]></system-out>
  </testcase>
  <testcase name="testEnumSource_ExcludeWeekends(DayOfWeek)[1]" classname="com.learning.service.Part5_ParameterizedTestsTest" time="0.002">
    <system-out><![CDATA[  ✓ MONDAY is a weekday!
]]></system-out>
  </testcase>
  <testcase name="testEnumSource_ExcludeWeekends(DayOfWeek)[2]" classname="com.learning.service.Part5_ParameterizedTestsTest" time="0.002">
    <system-out><![CDATA[  ✓ TUESDAY is a weekday!
]]></system-out>
  </testcase>
  <testcase name="testEnumSource_ExcludeWeekends(DayOfWeek)[3]" classname="com.learning.service.Part5_ParameterizedTestsTest" time="0.003">
    <system-out><![CDATA[  ✓ WEDNESDAY is a weekday!
]]></system-out>
  </testcase>
  <testcase name="testEnumSource_ExcludeWeekends(DayOfWeek)[4]" classname="com.learning.service.Part5_ParameterizedTestsTest" time="0.002">
    <system-out><![CDATA[  ✓ THURSDAY is a weekday!
]]></system-out>
  </testcase>
  <testcase name="testEnumSource_ExcludeWeekends(DayOfWeek)[5]" classname="com.learning.service.Part5_ParameterizedTestsTest" time="0.002">
    <system-out><![CDATA[  ✓ FRIDAY is a weekday!
]]></system-out>
  </testcase>
  <testcase name="testEnumSource_Regex(DayOfWeek)[1]" classname="com.learning.service.Part5_ParameterizedTestsTest" time="0.002">
    <system-out><![CDATA[  ✓ SATURDAY starts with 'S'
]]></system-out>
  </testcase>
  <testcase name="testEnumSource_Regex(DayOfWeek)[2]" classname="com.learning.service.Part5_ParameterizedTestsTest" time="0.002">
    <system-out><![CDATA[  ✓ SUNDAY starts with 'S'
]]></system-out>
  </testcase>
  <testcase name="testCsvSource_Addition(int, int, int)[1]" classname="com.learning.service.Part5_ParameterizedTestsTest" time="0.039">
    <system-out><![CDATA[  ✓ 1 + 2 = 3
]]></system-out>
  </testcase>
  <testcase name="testCsvSource_Addition(int, int, int)[2]" classname="com.learning.service.Part5_ParameterizedTestsTest" time="0.002">
    <system-out><![CDATA[  ✓ 5 + 5 = 10
]]></system-out>
  </testcase>
  <testcase name="testCsvSource_Addition(int, int, int)[3]" classname="com.learning.service.Part5_ParameterizedTestsTest" time="0.002">
    <system-out><![CDATA[  ✓ 10 + -5 = 5
]]></system-out>
  </testcase>
  <testcase name="testCsvSource_Addition(int, int, int)[4]" classname="com.learning.service.Part5_ParameterizedTestsTest" time="0.003">
    <system-out><![CDATA[  ✓ -3 + -7 = -10
]]></system-out>
  </testcase>
  <testcase name="testCsvSource_Addition(int, int, int)[5]" classname="com.learning.service.Part5_ParameterizedTestsTest" time="0.003">
    <system-out><![CDATA[  ✓ 0 + 0 = 0
]]></system-out>
  </testcase>
  <testcase name="testCsvSource_Grades(int, String)[1]" classname="com.learning.service.Part5_ParameterizedTestsTest" time="0.006">
    <system-out><![CDATA[  ✓ Score 95 → Grade A
]]></system-out>
  </testcase>
  <testcase name="testCsvSource_Grades(int, String)[2]" classname="com.learning.service.Part5_ParameterizedTestsTest" time="0.002">
    <system-out><![CDATA[  ✓ Score 85 → Grade B
]]></system-out>
  </testcase>
  <testcase name="testCsvSource_Grades(int, String)[3]" classname="com.learning.service.Part5_ParameterizedTestsTest" time="0.003">
    <system-out><![CDATA[  ✓ Score 75 → Grade C
]]></system-out>
  </testcase>
  <testcase name="testCsvSource_Grades(int, String)[4]" classname="com.learning.service.Part5_ParameterizedTestsTest" time="0.002">
    <system-out><![CDATA[  ✓ Score 65 → Grade D
]]></system-out>
  </testcase>
  <testcase name="testCsvSource_Grades(int, String)[5]" classname="com.learning.service.Part5_ParameterizedTestsTest" time="0.003">
    <system-out><![CDATA[  ✓ Score 55 → Grade F
]]></system-out>
  </testcase>
  <testcase name="testCsvSource_Grades(int, String)[6]" classname="com.learning.service.Part5_ParameterizedTestsTest" time="0.002">
    <system-out><![CDATA[  ✓ Score 0 → Grade F
]]></system-out>
  </testcase>
  <testcase name="testCsvSource_Grades(int, String)[7]" classname="com.learning.service.Part5_ParameterizedTestsTest" time="0.001">
    <system-out><![CDATA[  ✓ Score 100 → Grade A
]]></system-out>
  </testcase>
  <testcase name="testCsvSource_CustomDelimiter(int, int, int)[1]" classname="com.learning.service.Part5_ParameterizedTestsTest" time="0.003">
    <system-out><![CDATA[  ✓ 2 * 3 = 6
]]></system-out>
  </testcase>
  <testcase name="testCsvSource_CustomDelimiter(int, int, int)[2]" classname="com.learning.service.Part5_ParameterizedTestsTest" time="0.002">
    <system-out><![CDATA[  ✓ 5 * 5 = 25
]]></system-out>
  </testcase>
  <testcase name="testCsvSource_CustomDelimiter(int, int, int)[3]" classname="com.learning.service.Part5_ParameterizedTestsTest" time="0.003">
    <system-out><![CDATA[  ✓ 10 * 0 = 0
]]></system-out>
  </testcase>
  <testcase name="testCsvSource_CustomDelimiter(int, int, int)[4]" classname="com.learning.service.Part5_ParameterizedTestsTest" time="0.002">
    <system-out><![CDATA[  ✓ -2 * 3 = -6
]]></system-out>
  </testcase>
  <testcase name="testCsvSource_NullHandling(String, String)[1]" classname="com.learning.service.Part5_ParameterizedTestsTest" time="0.003">
    <system-out><![CDATA[  ✓ "hello" → "HELLO"
]]></system-out>
  </testcase>
  <testcase name="testCsvSource_NullHandling(String, String)[2]" classname="com.learning.service.Part5_ParameterizedTestsTest" time="0.002">
    <system-out><![CDATA[  ✓ "null" → null
]]></system-out>
  </testcase>
  <testcase name="testCsvSource_NullHandling(String, String)[3]" classname="com.learning.service.Part5_ParameterizedTestsTest" time="0.003">
    <system-out><![CDATA[  ✓ "" → null
]]></system-out>
  </testcase>
  <testcase name="testMethodSource_Simple(int)[1]" classname="com.learning.service.Part5_ParameterizedTestsTest" time="0.002">
    <system-out><![CDATA[  ✓ 2 is even
]]></system-out>
  </testcase>
  <testcase name="testMethodSource_Simple(int)[2]" classname="com.learning.service.Part5_ParameterizedTestsTest" time="0.002">
    <system-out><![CDATA[  ✓ 4 is even
]]></system-out>
  </testcase>
  <testcase name="testMethodSource_Simple(int)[3]" classname="com.learning.service.Part5_ParameterizedTestsTest" time="0.002">
    <system-out><![CDATA[  ✓ 6 is even
]]></system-out>
  </testcase>
  <testcase name="testMethodSource_Simple(int)[4]" classname="com.learning.service.Part5_ParameterizedTestsTest" time="0.002">
    <system-out><![CDATA[  ✓ 8 is even
]]></system-out>
  </testcase>
  <testcase name="testMethodSource_Simple(int)[5]" classname="com.learning.service.Part5_ParameterizedTestsTest" time="0.002">
    <system-out><![CDATA[  ✓ 10 is even
]]></system-out>
  </testcase>
  <testcase name="testMethodSource_Simple(int)[6]" classname="com.learning.service.Part5_ParameterizedTestsTest" time="0.002">
    <system-out><![CDATA[  ✓ 100 is even
]]></system-out>
  </testcase>
  <testcase name="testMethodSource_Simple(int)[7]" classname="com.learning.service.Part5_ParameterizedTestsTest" time="0.001">
    <system-out><![CDATA[  ✓ 1000 is even
]]></system-out>
  </testcase>
  <testcase name="testMethodSource_MultipleParams(int, int)[1]" classname="com.learning.service.Part5_ParameterizedTestsTest" time="0.004">
    <system-out><![CDATA[  ✓ sumOfDigits(123) = 6
]]></system-out>
  </testcase>
  <testcase name="testMethodSource_MultipleParams(int, int)[2]" classname="com.learning.service.Part5_ParameterizedTestsTest" time="0.001">
    <system-out><![CDATA[  ✓ sumOfDigits(999) = 27
]]></system-out>
  </testcase>
  <testcase name="testMethodSource_MultipleParams(int, int)[3]" classname="com.learning.service.Part5_ParameterizedTestsTest" time="0.001">
    <system-out><![CDATA[  ✓ sumOfDigits(100) = 1
]]></system-out>
  </testcase>
  <testcase name="testMethodSource_MultipleParams(int, int)[4]" classname="com.learning.service.Part5_ParameterizedTestsTest" time="0.001">
    <system-out><![CDATA[  ✓ sumOfDigits(5) = 5
]]></system-out>
  </testcase>
  <testcase name="testMethodSource_MultipleParams(int, int)[5]" classname="com.learning.service.Part5_ParameterizedTestsTest" time="0.001">
    <system-out><![CDATA[  ✓ sumOfDigits(0) = 0
]]></system-out>
  </testcase>
  <testcase name="testMethodSource_Complex(int, boolean, String)[1]" classname="com.learning.service.Part5_ParameterizedTestsTest" time="0.005">
    <system-out><![CDATA[  ✓ 2: 2 is the smallest prime
]]></system-out>
  </testcase>
  <testcase name="testMethodSource_Complex(int, boolean, String)[2]" classname="com.learning.service.Part5_ParameterizedTestsTest" time="0.002">
    <system-out><![CDATA[  ✓ 3: 3 is prime
]]></system-out>
  </testcase>
  <testcase name="testMethodSource_Complex(int, boolean, String)[3]" classname="com.learning.service.Part5_ParameterizedTestsTest" time="0.001">
    <system-out><![CDATA[  ✓ 4: 4 is NOT prime (2*2)
]]></system-out>
  </testcase>
  <testcase name="testMethodSource_Complex(int, boolean, String)[4]" classname="com.learning.service.Part5_ParameterizedTestsTest" time="0.003">
    <system-out><![CDATA[  ✓ 17: 17 is prime
]]></system-out>
  </testcase>
  <testcase name="testMethodSource_Complex(int, boolean, String)[5]" classname="com.learning.service.Part5_ParameterizedTestsTest" time="0.001">
    <system-out><![CDATA[  ✓ 1: 1 is NOT prime
]]></system-out>
  </testcase>
  <testcase name="testMethodSource_Complex(int, boolean, String)[6]" classname="com.learning.service.Part5_ParameterizedTestsTest" time="0.01">
    <system-out><![CDATA[  ✓ 0: 0 is NOT prime
]]></system-out>
  </testcase>
  <testcase name="testMethodSource_Complex(int, boolean, String)[7]" classname="com.learning.service.Part5_ParameterizedTestsTest" time="0.001">
    <system-out><![CDATA[  ✓ -5: Negative numbers are NOT prime
]]></system-out>
  </testcase>
  <testcase name="testArgumentsSource(int, int)[1]" classname="com.learning.service.Part5_ParameterizedTestsTest" time="0.002">
    <system-out><![CDATA[  ✓ factorial(0) = 1
]]></system-out>
  </testcase>
  <testcase name="testArgumentsSource(int, int)[2]" classname="com.learning.service.Part5_ParameterizedTestsTest" time="0.001">
    <system-out><![CDATA[  ✓ factorial(1) = 1
]]></system-out>
  </testcase>
  <testcase name="testArgumentsSource(int, int)[3]" classname="com.learning.service.Part5_ParameterizedTestsTest" time="0.003">
    <system-out><![CDATA[  ✓ factorial(2) = 2
]]></system-out>
  </testcase>
  <testcase name="testArgumentsSource(int, int)[4]" classname="com.learning.service.Part5_ParameterizedTestsTest" time="0.003">
    <system-out><![CDATA[  ✓ factorial(3) = 6
]]></system-out>
  </testcase>
  <testcase name="testArgumentsSource(int, int)[5]" classname="com.learning.service.Part5_ParameterizedTestsTest" time="0.003">
    <system-out><![CDATA[  ✓ factorial(4) = 24
]]></system-out>
  </testcase>
  <testcase name="testArgumentsSource(int, int)[6]" classname="com.learning.service.Part5_ParameterizedTestsTest" time="0.002">
    <system-out><![CDATA[  ✓ factorial(5) = 120
]]></system-out>
  </testcase>
  <testcase name="testSummary" classname="com.learning.service.Part5_ParameterizedTestsTest" time="0.002">
    <system-out><![CDATA[
╔═══════════════════════════════════════════════════════════════════════╗
║                PARAMETERIZED TEST SOURCES GUIDE                       ║
╠═══════════════════════════════════════════════════════════════════════╣
║  @ValueSource     │ Simple: ints, strings, doubles, longs, etc.      ║
║                   │ Use for: single parameter tests                   ║
╠═══════════════════════════════════════════════════════════════════════╣
║  @NullSource      │ Provides: null                                    ║
║  @EmptySource     │ Provides: "" (empty string) or empty collection   ║
║  @NullAndEmptySource│ Combines both - great for edge case testing!   ║
╠═══════════════════════════════════════════════════════════════════════╣
║  @EnumSource      │ All enum values or filtered by names/regex        ║
║                   │ modes: INCLUDE, EXCLUDE, MATCH_ALL, MATCH_ANY     ║
╠═══════════════════════════════════════════════════════════════════════╣
║  @CsvSource       │ Inline CSV: "param1, param2, expected"            ║
║                   │ Great for: input-output testing                   ║
╠═══════════════════════════════════════════════════════════════════════╣
║  @CsvFileSource   │ CSV from file (we'll cover in next example)       ║
║                   │ Great for: large test data sets                   ║
╠═══════════════════════════════════════════════════════════════════════╣
║  @MethodSource    │ Static method returning Stream<Arguments>         ║
║                   │ Great for: complex/computed test data             ║
╠═══════════════════════════════════════════════════════════════════════╣
║  @ArgumentsSource │ Custom ArgumentsProvider class                    ║
║                   │ Great for: reusable test data across classes      ║
╚═══════════════════════════════════════════════════════════════════════╝

]]></system-out>
  </testcase>
</testsuite>