<?xml version="1.0" encoding="UTF-8"?>
<testsuite xmlns:xsi="http://www.w3.org/2001/XMLSchema-instance" xsi:noNamespaceSchemaLocation="https://maven.apache.org/surefire/maven-surefire-plugin/xsd/surefire-test-report-3.0.xsd" version="3.0" name="com.learning.repository.UserRepositoryTest" time="28.149" tests="2" errors="0" skipped="0" failures="0">
  <properties>
[...]
</properties>
  <testcase name="shouldFindActiveUsers" classname="com.learning.repository.UserRepositoryTest" time="0.386">
    <system-out><![CDATA[2025-12-07T10:19:57.534+05:30  INFO 20240 --- [           main] tc.mysql:8.0                             : Creating container for image: mysql:8.0
2025-12-07T10:19:58.023+05:30  INFO 20240 --- [           main] tc.mysql:8.0                             : Container mysql:8.0 is starting: cb42dc0ca0feefe5559886e1582b47f07f797e506036c79a4f51d92cbdf602a3
2025-12-07T10:19:58.728+05:30  INFO 20240 --- [           main] tc.mysql:8.0                             : Waiting for database connection to become available at jdbc:mysql://127.0.0.1:60302/testdb using query 'SELECT 1'
2025-12-07T10:20:23.077+05:30  INFO 20240 --- [           main] tc.mysql:8.0                             : Container mysql:8.0 started in PT25.5433231S
2025-12-07T10:20:23.077+05:30  INFO 20240 --- [           main] tc.mysql:8.0                             : Container is started (JDBC URL: jdbc:mysql://127.0.0.1:60302/testdb)
2025-12-07T10:20:23.082+05:30  INFO 20240 --- [           main] t.c.s.AnnotationConfigContextLoaderUtils : Could not detect default configuration classes for test class [com.learning.repository.UserRepositoryTest]: UserRepositoryTest does not declare any static, non-private, non-final, nested classes annotated with @Configuration.
2025-12-07T10:20:23.113+05:30  INFO 20240 --- [           main] .b.t.c.SpringBootTestContextBootstrapper : Found @SpringBootConfiguration com.learning.JunitLearningApplication for test class com.learning.repository.UserRepositoryTest

  .   ____          _            __ _ _
 /\\ / ___'_ __ _ _(_)_ __  __ _ \ \ \ \
( ( )\___ | '_ | '_| | '_ \/ _` | \ \ \ \
 \\/  ___)| |_)| | | | | || (_| |  ) ) ) )
  '  |____| .__|_| |_|_| |_\__, | / / / /
 =========|_|==============|___/=/_/_/_/

 :: Spring Boot ::                (v3.5.0)

2025-12-07T10:20:23.181+05:30  INFO 20240 --- [           main] c.l.repository.UserRepositoryTest        : Starting UserRepositoryTest using Java 21.0.8 with PID 20240 (started by pilla in D:\Antigravity_Projects\Junit_Mockito_MockMVC)
2025-12-07T10:20:23.181+05:30  INFO 20240 --- [           main] c.l.repository.UserRepositoryTest        : No active profile set, falling back to 1 default profile: "default"
2025-12-07T10:20:23.524+05:30  INFO 20240 --- [           main] .s.d.r.c.RepositoryConfigurationDelegate : Bootstrapping Spring Data JPA repositories in DEFAULT mode.
2025-12-07T10:20:23.547+05:30  INFO 20240 --- [           main] .s.d.r.c.RepositoryConfigurationDelegate : Finished Spring Data repository scanning in 20 ms. Found 1 JPA repository interface.
2025-12-07T10:20:23.647+05:30  INFO 20240 --- [           main] o.hibernate.jpa.internal.util.LogHelper  : HHH000204: Processing PersistenceUnitInfo [name: default]
2025-12-07T10:20:23.652+05:30  INFO 20240 --- [           main] o.h.c.internal.RegionFactoryInitiator    : HHH000026: Second-level cache disabled
2025-12-07T10:20:23.700+05:30  INFO 20240 --- [           main] o.s.o.j.p.SpringPersistenceUnitInfo      : No LoadTimeWeaver setup: ignoring JPA class transformer
2025-12-07T10:20:23.706+05:30  INFO 20240 --- [           main] com.zaxxer.hikari.HikariDataSource       : HikariPool-4 - Starting...
2025-12-07T10:20:23.838+05:30  INFO 20240 --- [           main] com.zaxxer.hikari.pool.HikariPool        : HikariPool-4 - Added connection com.mysql.cj.jdbc.ConnectionImpl@51f290c1
2025-12-07T10:20:23.839+05:30  INFO 20240 --- [           main] com.zaxxer.hikari.HikariDataSource       : HikariPool-4 - Start completed.
2025-12-07T10:20:23.849+05:30  INFO 20240 --- [           main] org.hibernate.orm.connections.pooling    : HHH10001005: Database info:
	Database JDBC URL [Connecting through datasource 'HikariDataSource (HikariPool-4)']
	Database driver: undefined/unknown
	Database version: 8.0.44
	Autocommit mode: undefined/unknown
	Isolation level: undefined/unknown
	Minimum pool size: undefined/unknown
	Maximum pool size: undefined/unknown
2025-12-07T10:20:24.010+05:30  INFO 20240 --- [           main] o.h.e.t.j.p.i.JtaPlatformInitiator       : HHH000489: No JTA platform available (set 'hibernate.transaction.jta.platform' to enable JTA platform integration)
Hibernate: drop table if exists users
Hibernate: create table users (active bit not null, created_at datetime(6), id bigint not null auto_increment, updated_at datetime(6), email varchar(255) not null, name varchar(255) not null, password varchar(255) not null, primary key (id)) engine=InnoDB
Hibernate: alter table users add constraint UK6dotkott2kjsp8vw4d0m25fb7 unique (email)
2025-12-07T10:20:24.401+05:30  INFO 20240 --- [           main] j.LocalContainerEntityManagerFactoryBean : Initialized JPA EntityManagerFactory for persistence unit 'default'
2025-12-07T10:20:24.516+05:30  INFO 20240 --- [           main] c.l.repository.UserRepositoryTest        : Started UserRepositoryTest in 1.395 seconds (process running for 166.115)
Hibernate: insert into users (active,created_at,email,name,password,updated_at) values (?,?,?,?,?,?)
Hibernate: insert into users (active,created_at,email,name,password,updated_at) values (?,?,?,?,?,?)
Hibernate: select u1_0.id,u1_0.active,u1_0.created_at,u1_0.email,u1_0.name,u1_0.password,u1_0.updated_at from users u1_0 where u1_0.active
]]></system-out>
  </testcase>
  <testcase name="shouldCheckEmailExists" classname="com.learning.repository.UserRepositoryTest" time="0.036">
    <system-out><![CDATA[Hibernate: insert into users (active,created_at,email,name,password,updated_at) values (?,?,?,?,?,?)
Hibernate: select u1_0.id from users u1_0 where u1_0.email=? limit ?
Hibernate: select u1_0.id from users u1_0 where u1_0.email=? limit ?
]]></system-out>
  </testcase>
</testsuite>